<?xml version="1.0" encoding="UTF-8" ?>
<testsuite tests="1" failures="0" name="com.shj.dao.UserDaoTest" time="1.404" errors="0" skipped="0">
  <properties>
    <property name="java.runtime.name" value="Java(TM) SE Runtime Environment"/>
    <property name="java.vm.version" value="13.0.1+9"/>
    <property name="sun.boot.library.path" value="C:\Program Files\Java\jdk-13.0.1\bin"/>
    <property name="maven.multiModuleProjectDirectory" value="C:\Users\ShangJin\Desktop\Mybatis\mybatis_cache"/>
    <property name="java.vm.vendor" value="Oracle Corporation"/>
    <property name="java.vendor.url" value="https://java.oracle.com/"/>
    <property name="guice.disable.misplaced.annotation.check" value="true"/>
    <property name="path.separator" value=";"/>
    <property name="java.vm.name" value="Java HotSpot(TM) 64-Bit Server VM"/>
    <property name="sun.os.patch.level" value=""/>
    <property name="user.script" value=""/>
    <property name="user.country" value="CN"/>
    <property name="sun.java.launcher" value="SUN_STANDARD"/>
    <property name="java.vm.specification.name" value="Java Virtual Machine Specification"/>
    <property name="user.dir" value="C:\Users\ShangJin\Desktop\Mybatis\mybatis_cache"/>
    <property name="java.vm.compressedOopsMode" value="Zero based"/>
    <property name="java.runtime.version" value="13.0.1+9"/>
    <property name="os.arch" value="amd64"/>
    <property name="java.io.tmpdir" value="C:\Users\ShangJin\AppData\Local\Temp\"/>
    <property name="line.separator" value="
"/>
    <property name="java.vm.specification.vendor" value="Oracle Corporation"/>
    <property name="user.variant" value=""/>
    <property name="os.name" value="Windows 10"/>
    <property name="maven.ext.class.path" value="D:\IntelliJ IDEA 2019.3\plugins\maven\lib\maven-event-listener.jar"/>
    <property name="archetypeCatalog" value="internal"/>
    <property name="classworlds.conf" value="F:\ProgamingLib\apache-maven-3.6.3-bin\apache-maven-3.6.3\bin\m2.conf"/>
    <property name="sun.jnu.encoding" value="GBK"/>
    <property name="java.library.path" value="C:\Program Files\Java\jdk-13.0.1\bin;C:\Windows\Sun\Java\bin;C:\Windows\system32;C:\Windows;C:\Windows\system32;C:\Windows;C:\Windows\System32\Wbem;C:\Windows\System32\WindowsPowerShell\v1.0\;C:\Windows\System32\OpenSSH\;D:\Git\cmd;C:\Program Files\Java\jdk-13.0.1\bin;;C:\Program Files\NVIDIA Corporation\NVIDIA NvDLISR;D:\Python\Scripts\;D:\Python\;C:\Users\ShangJin\AppData\Local\Microsoft\WindowsApps;D:\IntelliJ IDEA 2019.3\bin;;D:\MySQL\mysql-8.0.18-winx64\bin;F:\ProgamingLib\apache-tomcat-8.5.49\lib;F:\ProgamingLib\apache-tomcat-8.5.49\bin;D:\PyCharm Community Edition 2019.3\bin;;F:\ProgamingLib\apache-maven-3.6.3-bin\apache-maven-3.6.3\bin;;."/>
    <property name="maven.conf" value="F:\ProgamingLib\apache-maven-3.6.3-bin\apache-maven-3.6.3/conf"/>
    <property name="jdk.debug" value="release"/>
    <property name="java.class.version" value="57.0"/>
    <property name="java.specification.name" value="Java Platform API Specification"/>
    <property name="sun.management.compiler" value="HotSpot 64-Bit Tiered Compilers"/>
    <property name="maven.repo.local" value="F:\ProgamingLib\maven repository"/>
    <property name="os.version" value="10.0"/>
    <property name="user.home" value="C:\Users\ShangJin"/>
    <property name="user.timezone" value="Asia/Shanghai"/>
    <property name="file.encoding" value="UTF-8"/>
    <property name="java.specification.version" value="13"/>
    <property name="user.name" value="ShangJin"/>
    <property name="java.class.path" value="F:\ProgamingLib\apache-maven-3.6.3-bin\apache-maven-3.6.3\boot\plexus-classworlds-2.6.0.jar;F:\ProgamingLib\apache-maven-3.6.3-bin\apache-maven-3.6.3\boot\plexus-classworlds.license"/>
    <property name="java.vm.specification.version" value="13"/>
    <property name="sun.arch.data.model" value="64"/>
    <property name="sun.java.command" value="org.codehaus.classworlds.Launcher -Didea.version2019.3 -s F:\ProgamingLib\apache-maven-3.6.3-bin\apache-maven-3.6.3\conf\settings.xml -Dmaven.repo.local=F:\ProgamingLib\maven repository install"/>
    <property name="java.home" value="C:\Program Files\Java\jdk-13.0.1"/>
    <property name="user.language" value="zh"/>
    <property name="java.specification.vendor" value="Oracle Corporation"/>
    <property name="java.vm.info" value="mixed mode, sharing"/>
    <property name="java.version" value="13.0.1"/>
    <property name="java.vendor" value="Oracle Corporation"/>
    <property name="maven.home" value="F:\ProgamingLib\apache-maven-3.6.3-bin\apache-maven-3.6.3"/>
    <property name="file.separator" value="\"/>
    <property name="idea.version2019.3" value="true"/>
    <property name="java.version.date" value="2019-10-15"/>
    <property name="java.vendor.url.bug" value="https://bugreport.java.com/bugreport/"/>
    <property name="sun.io.unicode.encoding" value="UnicodeLittle"/>
    <property name="sun.cpu.endian" value="little"/>
    <property name="sun.cpu.isalist" value="amd64"/>
  </properties>
  <testcase classname="com.shj.dao.UserDaoTest" name="daoTest" time="1.404"/>
</testsuite>